This file contains any messages produced by compilers while
running configure, to aid debugging if configure makes a mistake.

It was created by fuse configure 2.7.0, which was
generated by GNU Autoconf 2.61.  Invocation command line was

  $ ./configure 

## --------- ##
## Platform. ##
## --------- ##

hostname = thot.cs.pitt.edu
uname -m = x86_64
uname -r = 2.6.32-431.23.3.el6.x86_64
uname -s = Linux
uname -v = #1 SMP Thu Jul 31 17:20:51 UTC 2014

/usr/bin/uname -p = unknown
/bin/uname -X     = unknown

/bin/arch              = x86_64
/usr/bin/arch -k       = unknown
/usr/convex/getsysinfo = unknown
/usr/bin/hostinfo      = unknown
/bin/machine           = unknown
/usr/bin/oslevel       = unknown
/bin/universe          = unknown

PATH: /afs/pitt.edu/home/e/j/ejw45/bin
PATH: /usr/patch/bin
PATH: /bin
PATH: /usr/bin
PATH: /usr/local/bin
PATH: /usr/pitt/bin
PATH: /usr/contrib/bin
PATH: /usr/afsws/bin
PATH: /usr/andrew/bin
PATH: /usr/bin/X11
PATH: /usr/openwin/bin
PATH: /opt/SUNWspro/bin
PATH: /bin
PATH: /usr/bin
PATH: /usr/ccs/bin
PATH: /usr/ucb
PATH: /u/fuse/bin
PATH: /usr/local/bin
PATH: /u/bin


## ----------- ##
## Core tests. ##
## ----------- ##

configure:1974: checking build system type
configure:1992: result: x86_64-unknown-linux-gnu
configure:2014: checking host system type
configure:2029: result: x86_64-unknown-linux-gnu
configure:2051: checking target system type
configure:2066: result: x86_64-unknown-linux-gnu
configure:2108: checking for a BSD-compatible install
configure:2164: result: /usr/bin/install -c
configure:2175: checking whether build environment is sane
configure:2218: result: yes
configure:2283: checking for gawk
configure:2299: found /bin/gawk
configure:2310: result: gawk
configure:2321: checking whether make sets $(MAKE)
configure:2342: result: yes
configure:2677: checking for style of include used by make
configure:2705: result: GNU
configure:2778: checking for gcc
configure:2794: found /usr/bin/gcc
configure:2805: result: gcc
configure:3043: checking for C compiler version
configure:3050: gcc --version >&5
gcc (GCC) 4.4.7 20120313 (Red Hat 4.4.7-4)
Copyright (C) 2010 Free Software Foundation, Inc.
This is free software; see the source for copying conditions.  There is NO
warranty; not even for MERCHANTABILITY or FITNESS FOR A PARTICULAR PURPOSE.

configure:3053: $? = 0
configure:3060: gcc -v >&5
Using built-in specs.
Target: x86_64-redhat-linux
Configured with: ../configure --prefix=/usr --mandir=/usr/share/man --infodir=/usr/share/info --with-bugurl=http://bugzilla.redhat.com/bugzilla --enable-bootstrap --enable-shared --enable-threads=posix --enable-checking=release --with-system-zlib --enable-__cxa_atexit --disable-libunwind-exceptions --enable-gnu-unique-object --enable-languages=c,c++,objc,obj-c++,java,fortran,ada --enable-java-awt=gtk --disable-dssi --with-java-home=/usr/lib/jvm/java-1.5.0-gcj-1.5.0.0/jre --enable-libgcj-multifile --enable-java-maintainer-mode --with-ecj-jar=/usr/share/java/eclipse-ecj.jar --disable-libjava-multilib --with-ppl --with-cloog --with-tune=generic --with-arch_32=i686 --build=x86_64-redhat-linux
Thread model: posix
gcc version 4.4.7 20120313 (Red Hat 4.4.7-4) (GCC) 
configure:3063: $? = 0
configure:3070: gcc -V >&5
gcc: '-V' option must have argument
configure:3073: $? = 1
configure:3096: checking for C compiler default output file name
configure:3123: gcc    conftest.c  >&5
configure:3126: $? = 0
configure:3164: result: a.out
configure:3181: checking whether the C compiler works
configure:3191: ./a.out
configure:3194: $? = 0
configure:3211: result: yes
configure:3218: checking whether we are cross compiling
configure:3220: result: no
configure:3223: checking for suffix of executables
configure:3230: gcc -o conftest    conftest.c  >&5
configure:3233: $? = 0
configure:3257: result: 
configure:3263: checking for suffix of object files
configure:3289: gcc -c   conftest.c >&5
configure:3292: $? = 0
configure:3315: result: o
configure:3319: checking whether we are using the GNU C compiler
configure:3348: gcc -c   conftest.c >&5
configure:3354: $? = 0
configure:3371: result: yes
configure:3376: checking whether gcc accepts -g
configure:3406: gcc -c -g  conftest.c >&5
configure:3412: $? = 0
configure:3511: result: yes
configure:3528: checking for gcc option to accept ISO C89
configure:3602: gcc  -c -g -O2  conftest.c >&5
configure:3608: $? = 0
configure:3631: result: none needed
configure:3651: checking dependency style of gcc
configure:3741: result: gcc3
configure:3758: checking for a sed that does not truncate output
configure:3837: result: /bin/sed
configure:3854: checking for grep that handles long lines and -e
configure:3928: result: /bin/grep
configure:3933: checking for egrep
configure:4011: result: /bin/grep -E
configure:4016: checking for fgrep
configure:4094: result: /bin/grep -F
configure:4129: checking for ld used by gcc
configure:4196: result: /usr/bin/ld
configure:4205: checking if the linker (/usr/bin/ld) is GNU ld
configure:4220: result: yes
configure:4233: checking for BSD- or MS-compatible name lister (nm)
configure:4282: result: /usr/bin/nm -B
configure:4404: checking the name lister (/usr/bin/nm -B) interface
configure:4411: gcc -c -g -O2  conftest.c >&5
configure:4414: /usr/bin/nm -B "conftest.o"
configure:4417: output
0000000000000000 B some_variable
configure:4424: result: BSD nm
configure:4427: checking whether ln -s works
configure:4431: result: yes
configure:4439: checking the maximum length of command line arguments
configure:4553: result: 32768
configure:4571: checking whether the shell understands some XSI constructs
configure:4579: result: yes
configure:4583: checking for /usr/bin/ld option to reload object files
configure:4590: result: -r
configure:4617: checking how to recognise dependent libraries
configure:4797: result: pass_all
configure:4857: checking for ar
configure:4873: found /usr/bin/ar
configure:4884: result: ar
configure:4966: checking for strip
configure:4982: found /usr/bin/strip
configure:4993: result: strip
configure:5069: checking for ranlib
configure:5085: found /usr/bin/ranlib
configure:5096: result: ranlib
configure:5190: checking command to parse /usr/bin/nm -B output from gcc object
configure:5306: gcc -c -g -O2  conftest.c >&5
configure:5309: $? = 0
configure:5313: /usr/bin/nm -B conftest.o \| sed -n -e 's/^.*[ 	]\([ABCDGIRSTW][ABCDGIRSTW]*\)[ 	][ 	]*\([_A-Za-z][_A-Za-z0-9]*\)$/\1 \2 \2/p' \> conftest.nm
configure:5316: $? = 0
configure:5370: gcc -o conftest -g -O2   conftest.c conftstm.o >&5
configure:5373: $? = 0
configure:5411: result: ok
configure:5501: gcc -c -g -O2  conftest.c >&5
configure:5504: $? = 0
configure:5644: checking how to run the C preprocessor
configure:5684: gcc -E  conftest.c
configure:5690: $? = 0
configure:5721: gcc -E  conftest.c
conftest.c:10:28: error: ac_nonexistent.h: No such file or directory
configure:5727: $? = 1
configure: failed program was:
| /* confdefs.h.  */
| #define PACKAGE_NAME "fuse"
| #define PACKAGE_TARNAME "fuse"
| #define PACKAGE_VERSION "2.7.0"
| #define PACKAGE_STRING "fuse 2.7.0"
| #define PACKAGE_BUGREPORT ""
| #define PACKAGE "fuse"
| #define VERSION "2.7.0"
| /* end confdefs.h.  */
| #include <ac_nonexistent.h>
configure:5760: result: gcc -E
configure:5789: gcc -E  conftest.c
configure:5795: $? = 0
configure:5826: gcc -E  conftest.c
conftest.c:10:28: error: ac_nonexistent.h: No such file or directory
configure:5832: $? = 1
configure: failed program was:
| /* confdefs.h.  */
| #define PACKAGE_NAME "fuse"
| #define PACKAGE_TARNAME "fuse"
| #define PACKAGE_VERSION "2.7.0"
| #define PACKAGE_STRING "fuse 2.7.0"
| #define PACKAGE_BUGREPORT ""
| #define PACKAGE "fuse"
| #define VERSION "2.7.0"
| /* end confdefs.h.  */
| #include <ac_nonexistent.h>
configure:5870: checking for ANSI C header files
configure:5900: gcc -c -g -O2  conftest.c >&5
configure:5906: $? = 0
configure:6005: gcc -o conftest -g -O2   conftest.c  >&5
configure:6008: $? = 0
configure:6014: ./conftest
configure:6017: $? = 0
configure:6034: result: yes
configure:6058: checking for sys/types.h
configure:6079: gcc -c -g -O2  conftest.c >&5
configure:6085: $? = 0
configure:6101: result: yes
configure:6058: checking for sys/stat.h
configure:6079: gcc -c -g -O2  conftest.c >&5
configure:6085: $? = 0
configure:6101: result: yes
configure:6058: checking for stdlib.h
configure:6079: gcc -c -g -O2  conftest.c >&5
configure:6085: $? = 0
configure:6101: result: yes
configure:6058: checking for string.h
configure:6079: gcc -c -g -O2  conftest.c >&5
configure:6085: $? = 0
configure:6101: result: yes
configure:6058: checking for memory.h
configure:6079: gcc -c -g -O2  conftest.c >&5
configure:6085: $? = 0
configure:6101: result: yes
configure:6058: checking for strings.h
configure:6079: gcc -c -g -O2  conftest.c >&5
configure:6085: $? = 0
configure:6101: result: yes
configure:6058: checking for inttypes.h
configure:6079: gcc -c -g -O2  conftest.c >&5
configure:6085: $? = 0
configure:6101: result: yes
configure:6058: checking for stdint.h
configure:6079: gcc -c -g -O2  conftest.c >&5
configure:6085: $? = 0
configure:6101: result: yes
configure:6058: checking for unistd.h
configure:6079: gcc -c -g -O2  conftest.c >&5
configure:6085: $? = 0
configure:6101: result: yes
configure:6117: checking for dlfcn.h
configure:6138: gcc -c -g -O2  conftest.c >&5
configure:6144: $? = 0
configure:6160: result: yes
configure:6222: checking for objdir
configure:6237: result: .libs
configure:6530: checking if gcc supports -fno-rtti -fno-exceptions
configure:6548: gcc -c -g -O2  -fno-rtti -fno-exceptions conftest.c >&5
cc1: warning: command line option "-fno-rtti" is valid for C++/ObjC++ but not for C
configure:6552: $? = 0
configure:6565: result: no
configure:6585: checking for gcc option to produce PIC
configure:6818: result: -fPIC -DPIC
configure:6830: checking if gcc PIC flag -fPIC -DPIC works
configure:6848: gcc -c -g -O2  -fPIC -DPIC -DPIC conftest.c >&5
configure:6852: $? = 0
configure:6865: result: yes
configure:6889: checking if gcc static flag -static works
configure:6917: result: no
configure:6932: checking if gcc supports -c -o file.o
configure:6953: gcc -c -g -O2  -o out/conftest2.o conftest.c >&5
configure:6957: $? = 0
configure:6979: result: yes
configure:6987: checking if gcc supports -c -o file.o
configure:7034: result: yes
configure:7067: checking whether the gcc linker (/usr/bin/ld -m elf_x86_64) supports shared libraries
configure:8120: result: yes
configure:8157: checking whether -lc should be explicitly linked in
configure:8162: gcc -c -g -O2  conftest.c >&5
configure:8165: $? = 0
configure:8180: gcc -shared conftest.o  -v -Wl,-soname -Wl,conftest -o conftest 2\>\&1 \| /bin/grep  -lc  \>/dev/null 2\>\&1
configure:8183: $? = 0
configure:8195: result: no
configure:8349: checking dynamic linker characteristics
configure:8968: result: GNU/Linux ld.so
configure:9063: checking how to hardcode library paths into programs
configure:9088: result: immediate
configure:9901: checking whether stripping libraries is possible
configure:9906: result: yes
configure:9941: checking if libtool supports shared libraries
configure:9943: result: yes
configure:9946: checking whether to build shared libraries
configure:9967: result: yes
configure:9970: checking whether to build static libraries
configure:9974: result: yes
configure:10057: checking for gcc
configure:10084: result: gcc
configure:10322: checking for C compiler version
configure:10329: gcc --version >&5
gcc (GCC) 4.4.7 20120313 (Red Hat 4.4.7-4)
Copyright (C) 2010 Free Software Foundation, Inc.
This is free software; see the source for copying conditions.  There is NO
warranty; not even for MERCHANTABILITY or FITNESS FOR A PARTICULAR PURPOSE.

configure:10332: $? = 0
configure:10339: gcc -v >&5
Using built-in specs.
Target: x86_64-redhat-linux
Configured with: ../configure --prefix=/usr --mandir=/usr/share/man --infodir=/usr/share/info --with-bugurl=http://bugzilla.redhat.com/bugzilla --enable-bootstrap --enable-shared --enable-threads=posix --enable-checking=release --with-system-zlib --enable-__cxa_atexit --disable-libunwind-exceptions --enable-gnu-unique-object --enable-languages=c,c++,objc,obj-c++,java,fortran,ada --enable-java-awt=gtk --disable-dssi --with-java-home=/usr/lib/jvm/java-1.5.0-gcj-1.5.0.0/jre --enable-libgcj-multifile --enable-java-maintainer-mode --with-ecj-jar=/usr/share/java/eclipse-ecj.jar --disable-libjava-multilib --with-ppl --with-cloog --with-tune=generic --with-arch_32=i686 --build=x86_64-redhat-linux
Thread model: posix
gcc version 4.4.7 20120313 (Red Hat 4.4.7-4) (GCC) 
configure:10342: $? = 0
configure:10349: gcc -V >&5
gcc: '-V' option must have argument
configure:10352: $? = 1
configure:10355: checking whether we are using the GNU C compiler
configure:10407: result: yes
configure:10412: checking whether gcc accepts -g
configure:10547: result: yes
configure:10564: checking for gcc option to accept ISO C89
configure:10667: result: none needed
configure:10687: checking dependency style of gcc
configure:10777: result: gcc3
configure:10795: checking whether gcc and cc understand -c and -o together
configure:10830: gcc -c conftest.c -o conftest2.o >&5
configure:10833: $? = 0
configure:10839: gcc -c conftest.c -o conftest2.o >&5
configure:10842: $? = 0
configure:10853: cc -c conftest.c >&5
configure:10856: $? = 0
configure:10864: cc -c conftest.c -o conftest2.o >&5
configure:10867: $? = 0
configure:10873: cc -c conftest.c -o conftest2.o >&5
configure:10876: $? = 0
configure:10894: result: yes
configure:11001: checking for fork
configure:11057: gcc -o conftest -Wall -W -Wno-sign-compare -Wstrict-prototypes -Wmissing-declarations -Wwrite-strings -g -O2 -fno-strict-aliasing   conftest.c  >&5
conftest.c:45: warning: function declaration isn't a prototype
conftest.c:45: warning: conflicting types for built-in function 'fork'
conftest.c:55: warning: function declaration isn't a prototype
configure:11063: $? = 0
configure:11081: result: yes
configure:11001: checking for setxattr
configure:11057: gcc -o conftest -Wall -W -Wno-sign-compare -Wstrict-prototypes -Wmissing-declarations -Wwrite-strings -g -O2 -fno-strict-aliasing   conftest.c  >&5
conftest.c:46: warning: function declaration isn't a prototype
conftest.c:56: warning: function declaration isn't a prototype
configure:11063: $? = 0
configure:11081: result: yes
configure:11001: checking for fdatasync
configure:11057: gcc -o conftest -Wall -W -Wno-sign-compare -Wstrict-prototypes -Wmissing-declarations -Wwrite-strings -g -O2 -fno-strict-aliasing   conftest.c  >&5
conftest.c:47: warning: function declaration isn't a prototype
conftest.c:57: warning: function declaration isn't a prototype
configure:11063: $? = 0
configure:11081: result: yes
configure:11091: checking for struct stat.st_atim
configure:11119: gcc -c -Wall -W -Wno-sign-compare -Wstrict-prototypes -Wmissing-declarations -Wwrite-strings -g -O2 -fno-strict-aliasing  conftest.c >&5
conftest.c:60: warning: function declaration isn't a prototype
conftest.c: In function 'main':
conftest.c:62: error: used struct type value where scalar is required
configure:11125: $? = 1
configure: failed program was:
| /* confdefs.h.  */
| #define PACKAGE_NAME "fuse"
| #define PACKAGE_TARNAME "fuse"
| #define PACKAGE_VERSION "2.7.0"
| #define PACKAGE_STRING "fuse 2.7.0"
| #define PACKAGE_BUGREPORT ""
| #define PACKAGE "fuse"
| #define VERSION "2.7.0"
| #define STDC_HEADERS 1
| #define HAVE_SYS_TYPES_H 1
| #define HAVE_SYS_STAT_H 1
| #define HAVE_STDLIB_H 1
| #define HAVE_STRING_H 1
| #define HAVE_MEMORY_H 1
| #define HAVE_STRINGS_H 1
| #define HAVE_INTTYPES_H 1
| #define HAVE_STDINT_H 1
| #define HAVE_UNISTD_H 1
| #define HAVE_DLFCN_H 1
| #define LT_OBJDIR ".libs/"
| #define HAVE_FORK 1
| #define HAVE_SETXATTR 1
| #define HAVE_FDATASYNC 1
| /* end confdefs.h.  */
| #include <stdio.h>
| #ifdef HAVE_SYS_TYPES_H
| # include <sys/types.h>
| #endif
| #ifdef HAVE_SYS_STAT_H
| # include <sys/stat.h>
| #endif
| #ifdef STDC_HEADERS
| # include <stdlib.h>
| # include <stddef.h>
| #else
| # ifdef HAVE_STDLIB_H
| #  include <stdlib.h>
| # endif
| #endif
| #ifdef HAVE_STRING_H
| # if !defined STDC_HEADERS && defined HAVE_MEMORY_H
| #  include <memory.h>
| # endif
| # include <string.h>
| #endif
| #ifdef HAVE_STRINGS_H
| # include <strings.h>
| #endif
| #ifdef HAVE_INTTYPES_H
| # include <inttypes.h>
| #endif
| #ifdef HAVE_STDINT_H
| # include <stdint.h>
| #endif
| #ifdef HAVE_UNISTD_H
| # include <unistd.h>
| #endif
| int
| main ()
| {
| static struct stat ac_aggr;
| if (ac_aggr.st_atim)
| return 0;
|   ;
|   return 0;
| }
configure:11158: gcc -c -Wall -W -Wno-sign-compare -Wstrict-prototypes -Wmissing-declarations -Wwrite-strings -g -O2 -fno-strict-aliasing  conftest.c >&5
conftest.c:60: warning: function declaration isn't a prototype
configure:11164: $? = 0
configure:11182: result: yes
configure:11193: checking for struct stat.st_atimespec
configure:11221: gcc -c -Wall -W -Wno-sign-compare -Wstrict-prototypes -Wmissing-declarations -Wwrite-strings -g -O2 -fno-strict-aliasing  conftest.c >&5
conftest.c:61: warning: function declaration isn't a prototype
conftest.c: In function 'main':
conftest.c:63: error: 'struct stat' has no member named 'st_atimespec'
configure:11227: $? = 1
configure: failed program was:
| /* confdefs.h.  */
| #define PACKAGE_NAME "fuse"
| #define PACKAGE_TARNAME "fuse"
| #define PACKAGE_VERSION "2.7.0"
| #define PACKAGE_STRING "fuse 2.7.0"
| #define PACKAGE_BUGREPORT ""
| #define PACKAGE "fuse"
| #define VERSION "2.7.0"
| #define STDC_HEADERS 1
| #define HAVE_SYS_TYPES_H 1
| #define HAVE_SYS_STAT_H 1
| #define HAVE_STDLIB_H 1
| #define HAVE_STRING_H 1
| #define HAVE_MEMORY_H 1
| #define HAVE_STRINGS_H 1
| #define HAVE_INTTYPES_H 1
| #define HAVE_STDINT_H 1
| #define HAVE_UNISTD_H 1
| #define HAVE_DLFCN_H 1
| #define LT_OBJDIR ".libs/"
| #define HAVE_FORK 1
| #define HAVE_SETXATTR 1
| #define HAVE_FDATASYNC 1
| #define HAVE_STRUCT_STAT_ST_ATIM 1
| /* end confdefs.h.  */
| #include <stdio.h>
| #ifdef HAVE_SYS_TYPES_H
| # include <sys/types.h>
| #endif
| #ifdef HAVE_SYS_STAT_H
| # include <sys/stat.h>
| #endif
| #ifdef STDC_HEADERS
| # include <stdlib.h>
| # include <stddef.h>
| #else
| # ifdef HAVE_STDLIB_H
| #  include <stdlib.h>
| # endif
| #endif
| #ifdef HAVE_STRING_H
| # if !defined STDC_HEADERS && defined HAVE_MEMORY_H
| #  include <memory.h>
| # endif
| # include <string.h>
| #endif
| #ifdef HAVE_STRINGS_H
| # include <strings.h>
| #endif
| #ifdef HAVE_INTTYPES_H
| # include <inttypes.h>
| #endif
| #ifdef HAVE_STDINT_H
| # include <stdint.h>
| #endif
| #ifdef HAVE_UNISTD_H
| # include <unistd.h>
| #endif
| int
| main ()
| {
| static struct stat ac_aggr;
| if (ac_aggr.st_atimespec)
| return 0;
|   ;
|   return 0;
| }
configure:11260: gcc -c -Wall -W -Wno-sign-compare -Wstrict-prototypes -Wmissing-declarations -Wwrite-strings -g -O2 -fno-strict-aliasing  conftest.c >&5
conftest.c:61: warning: function declaration isn't a prototype
conftest.c: In function 'main':
conftest.c:63: error: 'struct stat' has no member named 'st_atimespec'
configure:11266: $? = 1
configure: failed program was:
| /* confdefs.h.  */
| #define PACKAGE_NAME "fuse"
| #define PACKAGE_TARNAME "fuse"
| #define PACKAGE_VERSION "2.7.0"
| #define PACKAGE_STRING "fuse 2.7.0"
| #define PACKAGE_BUGREPORT ""
| #define PACKAGE "fuse"
| #define VERSION "2.7.0"
| #define STDC_HEADERS 1
| #define HAVE_SYS_TYPES_H 1
| #define HAVE_SYS_STAT_H 1
| #define HAVE_STDLIB_H 1
| #define HAVE_STRING_H 1
| #define HAVE_MEMORY_H 1
| #define HAVE_STRINGS_H 1
| #define HAVE_INTTYPES_H 1
| #define HAVE_STDINT_H 1
| #define HAVE_UNISTD_H 1
| #define HAVE_DLFCN_H 1
| #define LT_OBJDIR ".libs/"
| #define HAVE_FORK 1
| #define HAVE_SETXATTR 1
| #define HAVE_FDATASYNC 1
| #define HAVE_STRUCT_STAT_ST_ATIM 1
| /* end confdefs.h.  */
| #include <stdio.h>
| #ifdef HAVE_SYS_TYPES_H
| # include <sys/types.h>
| #endif
| #ifdef HAVE_SYS_STAT_H
| # include <sys/stat.h>
| #endif
| #ifdef STDC_HEADERS
| # include <stdlib.h>
| # include <stddef.h>
| #else
| # ifdef HAVE_STDLIB_H
| #  include <stdlib.h>
| # endif
| #endif
| #ifdef HAVE_STRING_H
| # if !defined STDC_HEADERS && defined HAVE_MEMORY_H
| #  include <memory.h>
| # endif
| # include <string.h>
| #endif
| #ifdef HAVE_STRINGS_H
| # include <strings.h>
| #endif
| #ifdef HAVE_INTTYPES_H
| # include <inttypes.h>
| #endif
| #ifdef HAVE_STDINT_H
| # include <stdint.h>
| #endif
| #ifdef HAVE_UNISTD_H
| # include <unistd.h>
| #endif
| int
| main ()
| {
| static struct stat ac_aggr;
| if (sizeof ac_aggr.st_atimespec)
| return 0;
|   ;
|   return 0;
| }
configure:11284: result: no
configure:11298: checking for library containing dlopen
configure:11339: gcc -o conftest -Wall -W -Wno-sign-compare -Wstrict-prototypes -Wmissing-declarations -Wwrite-strings -g -O2 -fno-strict-aliasing   conftest.c  >&5
conftest.c:33: warning: function declaration isn't a prototype
conftest.c:36: warning: function declaration isn't a prototype
/tmp/ccXzFbCd.o: In function `main':
/u/OSLab/ejw45/fuse-2.7.0/conftest.c:37: undefined reference to `dlopen'
collect2: ld returned 1 exit status
configure:11345: $? = 1
configure: failed program was:
| /* confdefs.h.  */
| #define PACKAGE_NAME "fuse"
| #define PACKAGE_TARNAME "fuse"
| #define PACKAGE_VERSION "2.7.0"
| #define PACKAGE_STRING "fuse 2.7.0"
| #define PACKAGE_BUGREPORT ""
| #define PACKAGE "fuse"
| #define VERSION "2.7.0"
| #define STDC_HEADERS 1
| #define HAVE_SYS_TYPES_H 1
| #define HAVE_SYS_STAT_H 1
| #define HAVE_STDLIB_H 1
| #define HAVE_STRING_H 1
| #define HAVE_MEMORY_H 1
| #define HAVE_STRINGS_H 1
| #define HAVE_INTTYPES_H 1
| #define HAVE_STDINT_H 1
| #define HAVE_UNISTD_H 1
| #define HAVE_DLFCN_H 1
| #define LT_OBJDIR ".libs/"
| #define HAVE_FORK 1
| #define HAVE_SETXATTR 1
| #define HAVE_FDATASYNC 1
| #define HAVE_STRUCT_STAT_ST_ATIM 1
| /* end confdefs.h.  */
| 
| /* Override any GCC internal prototype to avoid an error.
|    Use char because int might match the return type of a GCC
|    builtin and then its argument prototype would still apply.  */
| #ifdef __cplusplus
| extern "C"
| #endif
| char dlopen ();
| int
| main ()
| {
| return dlopen ();
|   ;
|   return 0;
| }
configure:11339: gcc -o conftest -Wall -W -Wno-sign-compare -Wstrict-prototypes -Wmissing-declarations -Wwrite-strings -g -O2 -fno-strict-aliasing   conftest.c -ldl   >&5
conftest.c:33: warning: function declaration isn't a prototype
conftest.c:36: warning: function declaration isn't a prototype
configure:11345: $? = 0
configure:11373: result: -ldl
configure:11381: checking for library containing clock_gettime
configure:11422: gcc -o conftest -Wall -W -Wno-sign-compare -Wstrict-prototypes -Wmissing-declarations -Wwrite-strings -g -O2 -fno-strict-aliasing   conftest.c -ldl  >&5
conftest.c:33: warning: function declaration isn't a prototype
conftest.c:36: warning: function declaration isn't a prototype
/tmp/ccJkuRSl.o: In function `main':
/u/OSLab/ejw45/fuse-2.7.0/conftest.c:37: undefined reference to `clock_gettime'
collect2: ld returned 1 exit status
configure:11428: $? = 1
configure: failed program was:
| /* confdefs.h.  */
| #define PACKAGE_NAME "fuse"
| #define PACKAGE_TARNAME "fuse"
| #define PACKAGE_VERSION "2.7.0"
| #define PACKAGE_STRING "fuse 2.7.0"
| #define PACKAGE_BUGREPORT ""
| #define PACKAGE "fuse"
| #define VERSION "2.7.0"
| #define STDC_HEADERS 1
| #define HAVE_SYS_TYPES_H 1
| #define HAVE_SYS_STAT_H 1
| #define HAVE_STDLIB_H 1
| #define HAVE_STRING_H 1
| #define HAVE_MEMORY_H 1
| #define HAVE_STRINGS_H 1
| #define HAVE_INTTYPES_H 1
| #define HAVE_STDINT_H 1
| #define HAVE_UNISTD_H 1
| #define HAVE_DLFCN_H 1
| #define LT_OBJDIR ".libs/"
| #define HAVE_FORK 1
| #define HAVE_SETXATTR 1
| #define HAVE_FDATASYNC 1
| #define HAVE_STRUCT_STAT_ST_ATIM 1
| /* end confdefs.h.  */
| 
| /* Override any GCC internal prototype to avoid an error.
|    Use char because int might match the return type of a GCC
|    builtin and then its argument prototype would still apply.  */
| #ifdef __cplusplus
| extern "C"
| #endif
| char clock_gettime ();
| int
| main ()
| {
| return clock_gettime ();
|   ;
|   return 0;
| }
configure:11422: gcc -o conftest -Wall -W -Wno-sign-compare -Wstrict-prototypes -Wmissing-declarations -Wwrite-strings -g -O2 -fno-strict-aliasing   conftest.c -lrt  -ldl  >&5
conftest.c:33: warning: function declaration isn't a prototype
conftest.c:36: warning: function declaration isn't a prototype
configure:11428: $? = 0
configure:11456: result: -lrt
configure:11517: checking for ld used by GCC
configure:11581: result: /usr/bin/ld -m elf_x86_64
configure:11590: checking if the linker (/usr/bin/ld -m elf_x86_64) is GNU ld
configure:11603: result: yes
configure:11610: checking for shared library run path origin
configure:11623: result: done
configure:12087: checking for iconv
configure:12119: gcc -o conftest -Wall -W -Wno-sign-compare -Wstrict-prototypes -Wmissing-declarations -Wwrite-strings -g -O2 -fno-strict-aliasing   conftest.c  >&5
conftest.c:30: warning: function declaration isn't a prototype
configure:12125: $? = 0
configure:12195: result: yes
configure:12218: checking for iconv declaration
configure:12257: gcc -c -Wall -W -Wno-sign-compare -Wstrict-prototypes -Wmissing-declarations -Wwrite-strings -g -O2 -fno-strict-aliasing  conftest.c >&5
conftest.c:42: warning: function declaration isn't a prototype
configure:12263: $? = 0
configure:12282: result: 
         extern size_t iconv (iconv_t cd, char * *inbuf, size_t *inbytesleft, char * *outbuf, size_t *outbytesleft);
configure:12485: creating ./config.status

## ---------------------- ##
## Running config.status. ##
## ---------------------- ##

This file was extended by fuse config.status 2.7.0, which was
generated by GNU Autoconf 2.61.  Invocation command line was

  CONFIG_FILES    = 
  CONFIG_HEADERS  = 
  CONFIG_LINKS    = 
  CONFIG_COMMANDS = 
  $ ./config.status 

on thot.cs.pitt.edu

config.status:848: creating fuse.pc
config.status:848: creating Makefile
config.status:848: creating lib/Makefile
config.status:848: creating util/Makefile
config.status:848: creating example/Makefile
config.status:848: creating include/Makefile
config.status:848: creating include/config.h
config.status:1122: executing depfiles commands
config.status:1122: executing libtool commands
configure:14540: === configuring in kernel (/u/OSLab/ejw45/fuse-2.7.0/kernel)
configure:14643: running /bin/sh ./configure '--prefix=/usr/local'  --cache-file=/dev/null --srcdir=.

## ---------------- ##
## Cache variables. ##
## ---------------- ##

ac_cv_build=x86_64-unknown-linux-gnu
ac_cv_c_compiler_gnu=yes
ac_cv_env_CC_set=
ac_cv_env_CC_value=
ac_cv_env_CFLAGS_set=
ac_cv_env_CFLAGS_value=
ac_cv_env_CPPFLAGS_set=
ac_cv_env_CPPFLAGS_value=
ac_cv_env_CPP_set=
ac_cv_env_CPP_value=
ac_cv_env_LDFLAGS_set=
ac_cv_env_LDFLAGS_value=
ac_cv_env_LIBS_set=
ac_cv_env_LIBS_value=
ac_cv_env_build_alias_set=
ac_cv_env_build_alias_value=
ac_cv_env_host_alias_set=
ac_cv_env_host_alias_value=
ac_cv_env_target_alias_set=
ac_cv_env_target_alias_value=
ac_cv_func_fdatasync=yes
ac_cv_func_fork=yes
ac_cv_func_setxattr=yes
ac_cv_header_dlfcn_h=yes
ac_cv_header_inttypes_h=yes
ac_cv_header_memory_h=yes
ac_cv_header_stdc=yes
ac_cv_header_stdint_h=yes
ac_cv_header_stdlib_h=yes
ac_cv_header_string_h=yes
ac_cv_header_strings_h=yes
ac_cv_header_sys_stat_h=yes
ac_cv_header_sys_types_h=yes
ac_cv_header_unistd_h=yes
ac_cv_host=x86_64-unknown-linux-gnu
ac_cv_member_struct_stat_st_atim=yes
ac_cv_member_struct_stat_st_atimespec=no
ac_cv_objext=o
ac_cv_path_EGREP='/bin/grep -E'
ac_cv_path_FGREP='/bin/grep -F'
ac_cv_path_GREP=/bin/grep
ac_cv_path_SED=/bin/sed
ac_cv_path_install='/usr/bin/install -c'
ac_cv_prog_AWK=gawk
ac_cv_prog_CPP='gcc -E'
ac_cv_prog_ac_ct_AR=ar
ac_cv_prog_ac_ct_CC=gcc
ac_cv_prog_ac_ct_RANLIB=ranlib
ac_cv_prog_ac_ct_STRIP=strip
ac_cv_prog_cc_c89=
ac_cv_prog_cc_g=yes
ac_cv_prog_cc_gcc_c_o=yes
ac_cv_prog_make_make_set=yes
ac_cv_search_clock_gettime=-lrt
ac_cv_search_dlopen=-ldl
ac_cv_target=x86_64-unknown-linux-gnu
acl_cv_hardcode_direct=no
acl_cv_hardcode_libdir_flag_spec='${wl}-rpath ${wl}$libdir'
acl_cv_hardcode_libdir_separator=
acl_cv_hardcode_minus_L=no
acl_cv_libext=a
acl_cv_path_LD='/usr/bin/ld -m elf_x86_64'
acl_cv_prog_gnu_ld=yes
acl_cv_rpath=done
acl_cv_shlibext=so
acl_cv_wl=-Wl,
am_cv_CC_dependencies_compiler_type=gcc3
am_cv_func_iconv=yes
am_cv_lib_iconv=no
am_cv_proto_iconv='extern size_t iconv (iconv_t cd, char * *inbuf, size_t *inbytesleft, char * *outbuf, size_t *outbytesleft);'
am_cv_proto_iconv_arg1=
lt_cv_deplibs_check_method=pass_all
lt_cv_file_magic_cmd='$MAGIC_CMD'
lt_cv_file_magic_test_file=
lt_cv_ld_reload_flag=-r
lt_cv_nm_interface='BSD nm'
lt_cv_objdir=.libs
lt_cv_path_LD=/usr/bin/ld
lt_cv_path_NM='/usr/bin/nm -B'
lt_cv_prog_compiler_c_o=yes
lt_cv_prog_compiler_rtti_exceptions=no
lt_cv_prog_gnu_ld=yes
lt_cv_sys_global_symbol_pipe='sed -n -e '\''s/^.*[ 	]\([ABCDGIRSTW][ABCDGIRSTW]*\)[ 	][ 	]*\([_A-Za-z][_A-Za-z0-9]*\)$/\1 \2 \2/p'\'''
lt_cv_sys_global_symbol_to_c_name_address='sed -n -e '\''s/^: \([^ ]*\) $/  {\"\1\", (void *) 0},/p'\'' -e '\''s/^[ABCDGIRSTW]* \([^ ]*\) \([^ ]*\)$/  {"\2", (void *) \&\2},/p'\'''
lt_cv_sys_global_symbol_to_cdecl='sed -n -e '\''s/^T .* \(.*\)$/extern int \1();/p'\'' -e '\''s/^[ABCDGIRSTW]* .* \(.*\)$/extern char \1;/p'\'''
lt_cv_sys_max_cmd_len=32768

## ----------------- ##
## Output variables. ##
## ----------------- ##

ACLOCAL='${SHELL} /u/OSLab/ejw45/fuse-2.7.0/missing --run aclocal-1.9'
AMDEPBACKSLASH='\'
AMDEP_FALSE='#'
AMDEP_TRUE=''
AMTAR='${SHELL} /u/OSLab/ejw45/fuse-2.7.0/missing --run tar'
AR='ar'
AUTOCONF='${SHELL} /u/OSLab/ejw45/fuse-2.7.0/missing --run autoconf'
AUTOHEADER='${SHELL} /u/OSLab/ejw45/fuse-2.7.0/missing --run autoheader'
AUTOMAKE='${SHELL} /u/OSLab/ejw45/fuse-2.7.0/missing --run automake-1.9'
AWK='gawk'
BSD_FALSE=''
BSD_TRUE='#'
CC='gcc'
CCDEPMODE='depmode=gcc3'
CFLAGS='-Wall -W -Wno-sign-compare -Wstrict-prototypes -Wmissing-declarations -Wwrite-strings -g -O2 -fno-strict-aliasing'
CPP='gcc -E'
CPPFLAGS=''
CYGPATH_W='echo'
DEFS='-DHAVE_CONFIG_H'
DEPDIR='.deps'
DUMPBIN=''
ECHO_C=''
ECHO_N='-n'
ECHO_T=''
EGREP='/bin/grep -E'
EXEEXT=''
FGREP='/bin/grep -F'
GREP='/bin/grep'
ICONV_FALSE='#'
ICONV_TRUE=''
INIT_D_PATH='/etc/init.d'
INSTALL_DATA='${INSTALL} -m 644'
INSTALL_PROGRAM='${INSTALL}'
INSTALL_SCRIPT='${INSTALL}'
INSTALL_STRIP_PROGRAM='${SHELL} $(install_sh) -c -s'
LD='/usr/bin/ld -m elf_x86_64'
LDFLAGS=''
LIBICONV=''
LIBOBJS=''
LIBS=''
LIBTOOL='$(SHELL) $(top_builddir)/libtool'
LINUX_FALSE='#'
LINUX_TRUE=''
LN_S='ln -s'
LTLIBICONV=''
LTLIBOBJS=''
MAKEINFO='${SHELL} /u/OSLab/ejw45/fuse-2.7.0/missing --run makeinfo'
MOUNT_FUSE_PATH='/sbin'
NM='/usr/bin/nm -B'
OBJEXT='o'
PACKAGE='fuse'
PACKAGE_BUGREPORT=''
PACKAGE_NAME='fuse'
PACKAGE_STRING='fuse 2.7.0'
PACKAGE_TARNAME='fuse'
PACKAGE_VERSION='2.7.0'
PATH_SEPARATOR=':'
RANLIB='ranlib'
SED='/bin/sed'
SET_MAKE=''
SHELL='/bin/sh'
STRIP='strip'
UDEV_RULES_PATH='/etc/udev/rules.d'
VERSION='2.7.0'
ac_ct_CC='gcc'
ac_ct_DUMPBIN=''
am__fastdepCC_FALSE='#'
am__fastdepCC_TRUE=''
am__include='include'
am__leading_dot='.'
am__quote=''
am__tar='${AMTAR} chof - "$$tardir"'
am__untar='${AMTAR} xf -'
bindir='${exec_prefix}/bin'
build='x86_64-unknown-linux-gnu'
build_alias=''
build_cpu='x86_64'
build_os='linux-gnu'
build_vendor='unknown'
datadir='${datarootdir}'
datarootdir='${prefix}/share'
docdir='${datarootdir}/doc/${PACKAGE_TARNAME}'
dvidir='${docdir}'
exec_prefix='${prefix}'
host='x86_64-unknown-linux-gnu'
host_alias=''
host_cpu='x86_64'
host_os='linux-gnu'
host_vendor='unknown'
htmldir='${docdir}'
includedir='${prefix}/include'
infodir='${datarootdir}/info'
install_sh='/u/OSLab/ejw45/fuse-2.7.0/install-sh'
libdir='${exec_prefix}/lib'
libexecdir='${exec_prefix}/libexec'
libfuse_libs='-pthread -lrt -ldl  '
localedir='${datarootdir}/locale'
localstatedir='${prefix}/var'
lt_ECHO='echo'
mandir='${datarootdir}/man'
mkdir_p='mkdir -p --'
oldincludedir='/usr/include'
pdfdir='${docdir}'
pkgconfigdir='${libdir}/pkgconfig'
prefix='/usr/local'
program_transform_name='s,x,x,'
psdir='${docdir}'
sbindir='${exec_prefix}/sbin'
sharedstatedir='${prefix}/com'
subdirs2='include lib util example'
subdirs=' kernel'
sysconfdir='${prefix}/etc'
target='x86_64-unknown-linux-gnu'
target_alias=''
target_cpu='x86_64'
target_os='linux-gnu'
target_vendor='unknown'

## ----------- ##
## confdefs.h. ##
## ----------- ##

#define PACKAGE_NAME "fuse"
#define PACKAGE_TARNAME "fuse"
#define PACKAGE_VERSION "2.7.0"
#define PACKAGE_STRING "fuse 2.7.0"
#define PACKAGE_BUGREPORT ""
#define PACKAGE "fuse"
#define VERSION "2.7.0"
#define STDC_HEADERS 1
#define HAVE_SYS_TYPES_H 1
#define HAVE_SYS_STAT_H 1
#define HAVE_STDLIB_H 1
#define HAVE_STRING_H 1
#define HAVE_MEMORY_H 1
#define HAVE_STRINGS_H 1
#define HAVE_INTTYPES_H 1
#define HAVE_STDINT_H 1
#define HAVE_UNISTD_H 1
#define HAVE_DLFCN_H 1
#define LT_OBJDIR ".libs/"
#define HAVE_FORK 1
#define HAVE_SETXATTR 1
#define HAVE_FDATASYNC 1
#define HAVE_STRUCT_STAT_ST_ATIM 1
#define HAVE_ICONV 1
#define ICONV_CONST 

configure: exit 0
